#
# There is insufficient memory for the Java Runtime Environment to continue.
# Native memory allocation (mmap) failed to map 108003328 bytes for G1 virtual space
# Possible reasons:
#   The system is out of physical RAM or swap space
#   The process is running with CompressedOops enabled, and the Java Heap may be blocking the growth of the native heap
# Possible solutions:
#   Reduce memory load on the system
#   Increase physical memory or swap space
#   Check if swap backing store is full
#   Decrease Java heap size (-Xmx/-Xms)
#   Decrease number of Java threads
#   Decrease Java thread stack sizes (-Xss)
#   Set larger code cache with -XX:ReservedCodeCacheSize=
#   JVM is running with Unscaled Compressed Oops mode in which the Java heap is
#     placed in the first 4GB address space. The Java Heap base address is the
#     maximum limit for the native heap growth. Please use -XX:HeapBaseMinAddress
#     to set the Java Heap base and to place the Java Heap above 4GB virtual address.
# This output file may be truncated or incomplete.
#
#  Out of Memory Error (os_windows.cpp:3550), pid=2528, tid=14060
#
# JRE version: Java(TM) SE Runtime Environment (17.0.8+9) (build 17.0.8+9-LTS-211)
# Java VM: Java HotSpot(TM) 64-Bit Server VM (17.0.8+9-LTS-211, mixed mode, sharing, tiered, compressed oops, compressed class ptrs, g1 gc, windows-amd64)
# No core dump will be written. Minidumps are not enabled by default on client versions of Windows
#

---------------  S U M M A R Y ------------

Command Line: -Dfile.encoding=UTF-8 --module-path=D:\prog2\ChessCore\build\classes chesscore.ChessCore

Host: Intel(R) Core(TM) i5-9300HF CPU @ 2.40GHz, 8 cores, 7G,  Windows 10 , 64 bit Build 19041 (10.0.19041.1503)
Time: Sat Nov 18 08:05:00 2023 Egypt Standard Time elapsed time: 0.754128 seconds (0d 0h 0m 0s)

---------------  T H R E A D  ---------------

Current thread (0x000001f44fc22390):  VMThread "VM Thread" [stack: 0x0000002f80000000,0x0000002f80100000] [id=14060]

Stack: [0x0000002f80000000,0x0000002f80100000]
Native frames: (J=compiled Java code, j=interpreted, Vv=VM code, C=native code)
V  [jvm.dll+0x677d0a]
V  [jvm.dll+0x7d8c54]
V  [jvm.dll+0x7da3fe]
V  [jvm.dll+0x7daa63]
V  [jvm.dll+0x245c5f]
V  [jvm.dll+0x674bb9]
V  [jvm.dll+0x6694f2]
V  [jvm.dll+0x3031d6]
V  [jvm.dll+0x30a756]
V  [jvm.dll+0x359f9e]
V  [jvm.dll+0x35a1cf]
V  [jvm.dll+0x2da3e8]
V  [jvm.dll+0x2d87f5]
V  [jvm.dll+0x2d7dfc]
V  [jvm.dll+0x31b7f1]
V  [jvm.dll+0x7df26b]
V  [jvm.dll+0x7dffa4]
V  [jvm.dll+0x7e04bd]
V  [jvm.dll+0x7e0894]
V  [jvm.dll+0x7e0960]
V  [jvm.dll+0x788bba]
V  [jvm.dll+0x676b35]
C  [ucrtbase.dll+0x21bb2]
C  [KERNEL32.DLL+0x17034]
C  [ntdll.dll+0x52651]

VM_Operation (0x0000002fffafeb28): G1TryInitiateConcMark, mode: safepoint, requested by thread 0x000001f42fb11960


---------------  P R O C E S S  ---------------

Threads class SMR info:
_java_thread_list=0x000001f495349430, length=16, elements={
0x000001f42fb11960, 0x000001f44fc26750, 0x000001f44fc274d0, 0x000001f44fc38c30,
0x000001f44fc3a500, 0x000001f44fc3adc0, 0x000001f44fc3b680, 0x000001f44fc47830,
0x000001f44fc681f0, 0x000001f44fc6af00, 0x000001f44fc0e390, 0x000001f49517c530,
0x000001f495314f10, 0x000001f495361ad0, 0x000001f495364db0, 0x000001f495ad7060
}

Java Threads: ( => current thread )
  0x000001f42fb11960 JavaThread "main" [_thread_blocked, id=7668, stack(0x0000002fffa00000,0x0000002fffb00000)]
  0x000001f44fc26750 JavaThread "Reference Handler" daemon [_thread_blocked, id=6364, stack(0x0000002f80100000,0x0000002f80200000)]
  0x000001f44fc274d0 JavaThread "Finalizer" daemon [_thread_blocked, id=17768, stack(0x0000002f80200000,0x0000002f80300000)]
  0x000001f44fc38c30 JavaThread "Signal Dispatcher" daemon [_thread_blocked, id=15220, stack(0x0000002f80300000,0x0000002f80400000)]
  0x000001f44fc3a500 JavaThread "Attach Listener" daemon [_thread_blocked, id=144, stack(0x0000002f80400000,0x0000002f80500000)]
  0x000001f44fc3adc0 JavaThread "Service Thread" daemon [_thread_blocked, id=14452, stack(0x0000002f80500000,0x0000002f80600000)]
  0x000001f44fc3b680 JavaThread "Monitor Deflation Thread" daemon [_thread_blocked, id=2692, stack(0x0000002f80600000,0x0000002f80700000)]
  0x000001f44fc47830 JavaThread "C2 CompilerThread0" daemon [_thread_blocked, id=3704, stack(0x0000002f80700000,0x0000002f80800000)]
  0x000001f44fc681f0 JavaThread "C1 CompilerThread0" daemon [_thread_blocked, id=14772, stack(0x0000002f80800000,0x0000002f80900000)]
  0x000001f44fc6af00 JavaThread "Sweeper thread" daemon [_thread_blocked, id=14964, stack(0x0000002f80900000,0x0000002f80a00000)]
  0x000001f44fc0e390 JavaThread "Common-Cleaner" daemon [_thread_blocked, id=17084, stack(0x0000002f80a00000,0x0000002f80b00000)]
  0x000001f49517c530 JavaThread "Notification Thread" daemon [_thread_blocked, id=13324, stack(0x0000002f80c00000,0x0000002f80d00000)]
  0x000001f495314f10 JavaThread "Java2D Disposer" daemon [_thread_blocked, id=13040, stack(0x0000002f80e00000,0x0000002f80f00000)]
  0x000001f495361ad0 JavaThread "AWT-Shutdown" [_thread_blocked, id=18496, stack(0x0000002f80f00000,0x0000002f81000000)]
  0x000001f495364db0 JavaThread "AWT-Windows" daemon [_thread_in_native, id=14780, stack(0x0000002f81000000,0x0000002f81100000)]
  0x000001f495ad7060 JavaThread "AWT-EventQueue-0" [_thread_blocked, id=18828, stack(0x0000002f80b00000,0x0000002f80c00000)]

Other Threads:
=>0x000001f44fc22390 VMThread "VM Thread" [stack: 0x0000002f80000000,0x0000002f80100000] [id=14060]
  0x000001f4950fadc0 WatcherThread [stack: 0x0000002f80d00000,0x0000002f80e00000] [id=3952]
  0x000001f42fb6c250 GCTaskThread "GC Thread#0" [stack: 0x0000002fffb00000,0x0000002fffc00000] [id=13344]
  0x000001f495b45650 GCTaskThread "GC Thread#1" [stack: 0x0000002f81310000,0x0000002f81410000] [id=11544]
  0x000001f495b45900 GCTaskThread "GC Thread#2" [stack: 0x0000002f81410000,0x0000002f81510000] [id=15300]
  0x000001f495b45bb0 GCTaskThread "GC Thread#3" [stack: 0x0000002f81510000,0x0000002f81610000] [id=5760]
  0x000001f495b46c80 GCTaskThread "GC Thread#4" [stack: 0x0000002f81610000,0x0000002f81710000] [id=16308]
  0x000001f495b79b60 GCTaskThread "GC Thread#5" [stack: 0x0000002f81710000,0x0000002f81810000] [id=19192]
  0x000001f495bbfaf0 GCTaskThread "GC Thread#6" [stack: 0x0000002f81810000,0x0000002f81910000] [id=17992]
  0x000001f495c53620 GCTaskThread "GC Thread#7" [stack: 0x0000002f81910000,0x0000002f81a10000] [id=14636]
  0x000001f42fb7ce60 ConcurrentGCThread "G1 Main Marker" [stack: 0x0000002fffc00000,0x0000002fffd00000] [id=9680]
  0x000001f42fb7ec60 ConcurrentGCThread "G1 Conc#0" [stack: 0x0000002fffd00000,0x0000002fffe00000] [id=17404]
  0x000001f495c53b80 ConcurrentGCThread "G1 Conc#1" [stack: 0x0000002f81a10000,0x0000002f81b10000] [id=12232]
  0x000001f42fbeecf0 ConcurrentGCThread "G1 Refine#0" [stack: 0x0000002fffe00000,0x0000002ffff00000] [id=13092]
  0x000001f44fadb3e0 ConcurrentGCThread "G1 Service" [stack: 0x0000002ffff00000,0x0000003000000000] [id=10620]

Threads with active compile tasks:
C2 CompilerThread0      777  835       4       java.lang.AbstractStringBuilder::append (45 bytes)
C1 CompilerThread0      777  836       3       sun.security.provider.ByteArrayAccess::b2iBig64 (231 bytes)

VM state: at safepoint (normal execution)

VM Mutex/Monitor currently owned by a thread:  ([mutex/lock_event])
[0x000001f42fb0c260] Threads_lock - owner thread: 0x000001f44fc22390
[0x000001f42fb0c9b0] Heap_lock - owner thread: 0x000001f42fb11960

Heap address: 0x0000000081200000, size: 2030 MB, Compressed Oops mode: 32-bit

CDS archive(s) mapped at: [0x000001f450000000-0x000001f450bd0000-0x000001f450bd0000), size 12386304, SharedBaseAddress: 0x000001f450000000, ArchiveRelocationMode: 1.
Compressed class space mapped at: 0x000001f451000000-0x000001f491000000, reserved size: 1073741824
Narrow klass base: 0x000001f450000000, Narrow klass shift: 0, Narrow klass range: 0x100000000

GC Precious Log:
 CPUs: 8 total, 8 available
 Memory: 8112M
 Large Page Support: Disabled
 NUMA Support: Disabled
 Compressed Oops: Enabled (32-bit)
 Heap Region Size: 1M
 Heap Min Capacity: 8M
 Heap Initial Capacity: 128M
 Heap Max Capacity: 2030M
 Pre-touch: Disabled
 Parallel Workers: 8
 Concurrent Workers: 2
 Concurrent Refinement Workers: 8
 Periodic GC: Disabled

Heap:
 garbage-first heap   total 143360K, used 83859K [0x0000000081200000, 0x0000000100000000)
  region size 1024K, 1 young (1024K), 1 survivors (1024K)
 Metaspace       used 7017K, committed 7296K, reserved 1114112K
  class space    used 771K, committed 896K, reserved 1048576K

Heap Regions: E=young(eden), S=young(survivor), O=old, HS=humongous(starts), HC=humongous(continues), CS=collection set, F=free, OA=open archive, CA=closed archive, TAMS=top-at-mark-start (previous, next)
|   0|0x0000000081200000, 0x0000000081300000, 0x0000000081300000|100%|HS|  |TAMS 0x0000000081300000, 0x0000000081300000| Complete 
|   1|0x0000000081300000, 0x0000000081400000, 0x0000000081400000|100%|HC|  |TAMS 0x0000000081400000, 0x0000000081400000| Complete 
|   2|0x0000000081400000, 0x0000000081500000, 0x0000000081500000|100%|HC|  |TAMS 0x0000000081500000, 0x0000000081500000| Complete 
|   3|0x0000000081500000, 0x0000000081600000, 0x0000000081600000|100%|HC|  |TAMS 0x0000000081600000, 0x0000000081600000| Complete 
|   4|0x0000000081600000, 0x0000000081700000, 0x0000000081700000|100%|HC|  |TAMS 0x0000000081700000, 0x0000000081700000| Complete 
|   5|0x0000000081700000, 0x0000000081800000, 0x0000000081800000|100%|HS|  |TAMS 0x0000000081800000, 0x0000000081800000| Complete 
|   6|0x0000000081800000, 0x0000000081900000, 0x0000000081900000|100%|HC|  |TAMS 0x0000000081900000, 0x0000000081900000| Complete 
|   7|0x0000000081900000, 0x0000000081a00000, 0x0000000081a00000|100%|HC|  |TAMS 0x0000000081a00000, 0x0000000081a00000| Complete 
|   8|0x0000000081a00000, 0x0000000081b00000, 0x0000000081b00000|100%|HC|  |TAMS 0x0000000081b00000, 0x0000000081b00000| Complete 
|   9|0x0000000081b00000, 0x0000000081c00000, 0x0000000081c00000|100%|HC|  |TAMS 0x0000000081c00000, 0x0000000081c00000| Complete 
|  10|0x0000000081c00000, 0x0000000081d00000, 0x0000000081d00000|100%|HS|  |TAMS 0x0000000081d00000, 0x0000000081d00000| Complete 
|  11|0x0000000081d00000, 0x0000000081e00000, 0x0000000081e00000|100%|HC|  |TAMS 0x0000000081e00000, 0x0000000081e00000| Complete 
|  12|0x0000000081e00000, 0x0000000081f00000, 0x0000000081f00000|100%|HC|  |TAMS 0x0000000081f00000, 0x0000000081f00000| Complete 
|  13|0x0000000081f00000, 0x0000000082000000, 0x0000000082000000|100%|HC|  |TAMS 0x0000000082000000, 0x0000000082000000| Complete 
|  14|0x0000000082000000, 0x0000000082100000, 0x0000000082100000|100%|HC|  |TAMS 0x0000000082100000, 0x0000000082100000| Complete 
|  15|0x0000000082100000, 0x0000000082200000, 0x0000000082200000|100%|HS|  |TAMS 0x0000000082200000, 0x0000000082200000| Complete 
|  16|0x0000000082200000, 0x0000000082300000, 0x0000000082300000|100%|HC|  |TAMS 0x0000000082300000, 0x0000000082300000| Complete 
|  17|0x0000000082300000, 0x0000000082400000, 0x0000000082400000|100%|HC|  |TAMS 0x0000000082400000, 0x0000000082400000| Complete 
|  18|0x0000000082400000, 0x0000000082500000, 0x0000000082500000|100%|HC|  |TAMS 0x0000000082500000, 0x0000000082500000| Complete 
|  19|0x0000000082500000, 0x0000000082600000, 0x0000000082600000|100%|HC|  |TAMS 0x0000000082600000, 0x0000000082600000| Complete 
|  20|0x0000000082600000, 0x0000000082700000, 0x0000000082700000|100%|HS|  |TAMS 0x0000000082700000, 0x0000000082700000| Complete 
|  21|0x0000000082700000, 0x0000000082800000, 0x0000000082800000|100%|HC|  |TAMS 0x0000000082800000, 0x0000000082800000| Complete 
|  22|0x0000000082800000, 0x0000000082900000, 0x0000000082900000|100%|HC|  |TAMS 0x0000000082900000, 0x0000000082900000| Complete 
|  23|0x0000000082900000, 0x0000000082a00000, 0x0000000082a00000|100%|HC|  |TAMS 0x0000000082a00000, 0x0000000082a00000| Complete 
|  24|0x0000000082a00000, 0x0000000082b00000, 0x0000000082b00000|100%|HC|  |TAMS 0x0000000082b00000, 0x0000000082b00000| Complete 
|  25|0x0000000082b00000, 0x0000000082c00000, 0x0000000082c00000|100%|HS|  |TAMS 0x0000000082c00000, 0x0000000082c00000| Complete 
|  26|0x0000000082c00000, 0x0000000082d00000, 0x0000000082d00000|100%|HC|  |TAMS 0x0000000082d00000, 0x0000000082d00000| Complete 
|  27|0x0000000082d00000, 0x0000000082e00000, 0x0000000082e00000|100%|HC|  |TAMS 0x0000000082e00000, 0x0000000082e00000| Complete 
|  28|0x0000000082e00000, 0x0000000082f00000, 0x0000000082f00000|100%|HC|  |TAMS 0x0000000082f00000, 0x0000000082f00000| Complete 
|  29|0x0000000082f00000, 0x0000000083000000, 0x0000000083000000|100%|HC|  |TAMS 0x0000000083000000, 0x0000000083000000| Complete 
|  30|0x0000000083000000, 0x0000000083100000, 0x0000000083100000|100%|HS|  |TAMS 0x0000000083100000, 0x0000000083100000| Complete 
|  31|0x0000000083100000, 0x0000000083200000, 0x0000000083200000|100%|HC|  |TAMS 0x0000000083200000, 0x0000000083200000| Complete 
|  32|0x0000000083200000, 0x0000000083300000, 0x0000000083300000|100%|HC|  |TAMS 0x0000000083300000, 0x0000000083300000| Complete 
|  33|0x0000000083300000, 0x0000000083400000, 0x0000000083400000|100%|HC|  |TAMS 0x0000000083400000, 0x0000000083400000| Complete 
|  34|0x0000000083400000, 0x0000000083500000, 0x0000000083500000|100%|HC|  |TAMS 0x0000000083500000, 0x0000000083500000| Complete 
|  35|0x0000000083500000, 0x0000000083600000, 0x0000000083600000|100%|HS|  |TAMS 0x0000000083600000, 0x0000000083600000| Complete 
|  36|0x0000000083600000, 0x0000000083700000, 0x0000000083700000|100%|HC|  |TAMS 0x0000000083700000, 0x0000000083700000| Complete 
|  37|0x0000000083700000, 0x0000000083800000, 0x0000000083800000|100%|HC|  |TAMS 0x0000000083800000, 0x0000000083800000| Complete 
|  38|0x0000000083800000, 0x0000000083900000, 0x0000000083900000|100%|HC|  |TAMS 0x0000000083900000, 0x0000000083900000| Complete 
|  39|0x0000000083900000, 0x0000000083a00000, 0x0000000083a00000|100%|HC|  |TAMS 0x0000000083a00000, 0x0000000083a00000| Complete 
|  40|0x0000000083a00000, 0x0000000083b00000, 0x0000000083b00000|100%|HS|  |TAMS 0x0000000083b00000, 0x0000000083b00000| Complete 
|  41|0x0000000083b00000, 0x0000000083c00000, 0x0000000083c00000|100%|HC|  |TAMS 0x0000000083c00000, 0x0000000083c00000| Complete 
|  42|0x0000000083c00000, 0x0000000083d00000, 0x0000000083d00000|100%|HC|  |TAMS 0x0000000083d00000, 0x0000000083d00000| Complete 
|  43|0x0000000083d00000, 0x0000000083e00000, 0x0000000083e00000|100%|HC|  |TAMS 0x0000000083e00000, 0x0000000083e00000| Complete 
|  44|0x0000000083e00000, 0x0000000083f00000, 0x0000000083f00000|100%|HC|  |TAMS 0x0000000083f00000, 0x0000000083f00000| Complete 
|  45|0x0000000083f00000, 0x0000000084000000, 0x0000000084000000|100%|HS|  |TAMS 0x0000000084000000, 0x0000000084000000| Complete 
|  46|0x0000000084000000, 0x0000000084100000, 0x0000000084100000|100%|HC|  |TAMS 0x0000000084100000, 0x0000000084100000| Complete 
|  47|0x0000000084100000, 0x0000000084200000, 0x0000000084200000|100%|HC|  |TAMS 0x0000000084200000, 0x0000000084200000| Complete 
|  48|0x0000000084200000, 0x0000000084300000, 0x0000000084300000|100%|HC|  |TAMS 0x0000000084300000, 0x0000000084300000| Complete 
|  49|0x0000000084300000, 0x0000000084400000, 0x0000000084400000|100%|HC|  |TAMS 0x0000000084400000, 0x0000000084400000| Complete 
|  50|0x0000000084400000, 0x0000000084500000, 0x0000000084500000|100%|HS|  |TAMS 0x0000000084500000, 0x0000000084500000| Complete 
|  51|0x0000000084500000, 0x0000000084600000, 0x0000000084600000|100%|HC|  |TAMS 0x0000000084600000, 0x0000000084600000| Complete 
|  52|0x0000000084600000, 0x0000000084700000, 0x0000000084700000|100%|HC|  |TAMS 0x0000000084700000, 0x0000000084700000| Complete 
|  53|0x0000000084700000, 0x0000000084800000, 0x0000000084800000|100%|HC|  |TAMS 0x0000000084800000, 0x0000000084800000| Complete 
|  54|0x0000000084800000, 0x0000000084900000, 0x0000000084900000|100%|HC|  |TAMS 0x0000000084900000, 0x0000000084900000| Complete 
|  55|0x0000000084900000, 0x0000000084a00000, 0x0000000084a00000|100%|HS|  |TAMS 0x0000000084a00000, 0x0000000084a00000| Complete 
|  56|0x0000000084a00000, 0x0000000084b00000, 0x0000000084b00000|100%|HC|  |TAMS 0x0000000084b00000, 0x0000000084b00000| Complete 
|  57|0x0000000084b00000, 0x0000000084c00000, 0x0000000084c00000|100%|HC|  |TAMS 0x0000000084c00000, 0x0000000084c00000| Complete 
|  58|0x0000000084c00000, 0x0000000084d00000, 0x0000000084d00000|100%|HC|  |TAMS 0x0000000084d00000, 0x0000000084d00000| Complete 
|  59|0x0000000084d00000, 0x0000000084e00000, 0x0000000084e00000|100%|HC|  |TAMS 0x0000000084e00000, 0x0000000084e00000| Complete 
|  60|0x0000000084e00000, 0x0000000084f00000, 0x0000000084f00000|100%| O|  |TAMS 0x0000000084f00000, 0x0000000084f00000| Untracked 
|  61|0x0000000084f00000, 0x0000000084fd7e00, 0x0000000085000000| 84%| O|  |TAMS 0x0000000084fd7e00, 0x0000000084fd7e00| Untracked 
|  62|0x0000000085000000, 0x0000000085100000, 0x0000000085100000|100%|HS|  |TAMS 0x0000000085100000, 0x0000000085100000| Complete 
|  63|0x0000000085100000, 0x0000000085200000, 0x0000000085200000|100%|HC|  |TAMS 0x0000000085200000, 0x0000000085200000| Complete 
|  64|0x0000000085200000, 0x0000000085300000, 0x0000000085300000|100%|HC|  |TAMS 0x0000000085300000, 0x0000000085300000| Complete 
|  65|0x0000000085300000, 0x0000000085400000, 0x0000000085400000|100%|HC|  |TAMS 0x0000000085400000, 0x0000000085400000| Complete 
|  66|0x0000000085400000, 0x0000000085500000, 0x0000000085500000|100%|HC|  |TAMS 0x0000000085500000, 0x0000000085500000| Complete 
|  67|0x0000000085500000, 0x0000000085600000, 0x0000000085600000|100%|HS|  |TAMS 0x0000000085600000, 0x0000000085600000| Complete 
|  68|0x0000000085600000, 0x0000000085700000, 0x0000000085700000|100%|HC|  |TAMS 0x0000000085700000, 0x0000000085700000| Complete 
|  69|0x0000000085700000, 0x0000000085800000, 0x0000000085800000|100%|HC|  |TAMS 0x0000000085800000, 0x0000000085800000| Complete 
|  70|0x0000000085800000, 0x0000000085900000, 0x0000000085900000|100%|HC|  |TAMS 0x0000000085900000, 0x0000000085900000| Complete 
|  71|0x0000000085900000, 0x0000000085a00000, 0x0000000085a00000|100%|HC|  |TAMS 0x0000000085a00000, 0x0000000085a00000| Complete 
|  72|0x0000000085a00000, 0x0000000085b00000, 0x0000000085b00000|100%|HS|  |TAMS 0x0000000085b00000, 0x0000000085b00000| Complete 
|  73|0x0000000085b00000, 0x0000000085c00000, 0x0000000085c00000|100%|HC|  |TAMS 0x0000000085c00000, 0x0000000085c00000| Complete 
|  74|0x0000000085c00000, 0x0000000085d00000, 0x0000000085d00000|100%|HC|  |TAMS 0x0000000085d00000, 0x0000000085d00000| Complete 
|  75|0x0000000085d00000, 0x0000000085e00000, 0x0000000085e00000|100%|HC|  |TAMS 0x0000000085e00000, 0x0000000085e00000| Complete 
|  76|0x0000000085e00000, 0x0000000085f00000, 0x0000000085f00000|100%|HC|  |TAMS 0x0000000085f00000, 0x0000000085f00000| Complete 
|  77|0x0000000085f00000, 0x0000000086000000, 0x0000000086000000|100%|HS|  |TAMS 0x0000000085f00000, 0x0000000086000000| Complete 
|  78|0x0000000086000000, 0x0000000086100000, 0x0000000086100000|100%|HC|  |TAMS 0x0000000086000000, 0x0000000086100000| Complete 
|  79|0x0000000086100000, 0x0000000086200000, 0x0000000086200000|100%|HC|  |TAMS 0x0000000086100000, 0x0000000086200000| Complete 
|  80|0x0000000086200000, 0x0000000086300000, 0x0000000086300000|100%|HC|  |TAMS 0x0000000086200000, 0x0000000086300000| Complete 
|  81|0x0000000086300000, 0x0000000086400000, 0x0000000086400000|100%|HC|  |TAMS 0x0000000086300000, 0x0000000086400000| Complete 
|  82|0x0000000086400000, 0x0000000086400000, 0x0000000086500000|  0%| F|  |TAMS 0x0000000086400000, 0x0000000086400000| Untracked 
|  83|0x0000000086500000, 0x0000000086500000, 0x0000000086600000|  0%| F|  |TAMS 0x0000000086500000, 0x0000000086500000| Untracked 
|  84|0x0000000086600000, 0x0000000086600000, 0x0000000086700000|  0%| F|  |TAMS 0x0000000086600000, 0x0000000086600000| Untracked 
|  85|0x0000000086700000, 0x0000000086700000, 0x0000000086800000|  0%| F|  |TAMS 0x0000000086700000, 0x0000000086700000| Untracked 
|  86|0x0000000086800000, 0x0000000086800000, 0x0000000086900000|  0%| F|  |TAMS 0x0000000086800000, 0x0000000086800000| Untracked 
|  87|0x0000000086900000, 0x0000000086900000, 0x0000000086a00000|  0%| F|  |TAMS 0x0000000086900000, 0x0000000086900000| Untracked 
|  88|0x0000000086a00000, 0x0000000086a00000, 0x0000000086b00000|  0%| F|  |TAMS 0x0000000086a00000, 0x0000000086a00000| Untracked 
|  89|0x0000000086b00000, 0x0000000086b00000, 0x0000000086c00000|  0%| F|  |TAMS 0x0000000086b00000, 0x0000000086b00000| Untracked 
|  90|0x0000000086c00000, 0x0000000086c00000, 0x0000000086d00000|  0%| F|  |TAMS 0x0000000086c00000, 0x0000000086c00000| Untracked 
|  91|0x0000000086d00000, 0x0000000086d00000, 0x0000000086e00000|  0%| F|  |TAMS 0x0000000086d00000, 0x0000000086d00000| Untracked 
|  92|0x0000000086e00000, 0x0000000086e00000, 0x0000000086f00000|  0%| F|  |TAMS 0x0000000086e00000, 0x0000000086e00000| Untracked 
|  93|0x0000000086f00000, 0x0000000086f00000, 0x0000000087000000|  0%| F|  |TAMS 0x0000000086f00000, 0x0000000086f00000| Untracked 
|  94|0x0000000087000000, 0x0000000087000000, 0x0000000087100000|  0%| F|  |TAMS 0x0000000087000000, 0x0000000087000000| Untracked 
|  95|0x0000000087100000, 0x0000000087100000, 0x0000000087200000|  0%| F|  |TAMS 0x0000000087100000, 0x0000000087100000| Untracked 
|  96|0x0000000087200000, 0x0000000087200000, 0x0000000087300000|  0%| F|  |TAMS 0x0000000087200000, 0x0000000087200000| Untracked 
|  97|0x0000000087300000, 0x0000000087300000, 0x0000000087400000|  0%| F|  |TAMS 0x0000000087300000, 0x0000000087300000| Untracked 
|  98|0x0000000087400000, 0x0000000087400000, 0x0000000087500000|  0%| F|  |TAMS 0x0000000087400000, 0x0000000087400000| Untracked 
|  99|0x0000000087500000, 0x0000000087500000, 0x0000000087600000|  0%| F|  |TAMS 0x0000000087500000, 0x0000000087500000| Untracked 
| 100|0x0000000087600000, 0x0000000087600000, 0x0000000087700000|  0%| F|  |TAMS 0x0000000087600000, 0x0000000087600000| Untracked 
| 101|0x0000000087700000, 0x0000000087700000, 0x0000000087800000|  0%| F|  |TAMS 0x0000000087700000, 0x0000000087700000| Untracked 
| 102|0x0000000087800000, 0x0000000087800000, 0x0000000087900000|  0%| F|  |TAMS 0x0000000087800000, 0x0000000087800000| Untracked 
| 103|0x0000000087900000, 0x0000000087900000, 0x0000000087a00000|  0%| F|  |TAMS 0x0000000087900000, 0x0000000087900000| Untracked 
| 104|0x0000000087a00000, 0x0000000087a00000, 0x0000000087b00000|  0%| F|  |TAMS 0x0000000087a00000, 0x0000000087a00000| Untracked 
| 105|0x0000000087b00000, 0x0000000087b00000, 0x0000000087c00000|  0%| F|  |TAMS 0x0000000087b00000, 0x0000000087b00000| Untracked 
| 106|0x0000000087c00000, 0x0000000087c00000, 0x0000000087d00000|  0%| F|  |TAMS 0x0000000087c00000, 0x0000000087c00000| Untracked 
| 107|0x0000000087d00000, 0x0000000087d00000, 0x0000000087e00000|  0%| F|  |TAMS 0x0000000087d00000, 0x0000000087d00000| Untracked 
| 108|0x0000000087e00000, 0x0000000087e00000, 0x0000000087f00000|  0%| F|  |TAMS 0x0000000087e00000, 0x0000000087e00000| Untracked 
| 109|0x0000000087f00000, 0x0000000087f00000, 0x0000000088000000|  0%| F|  |TAMS 0x0000000087f00000, 0x0000000087f00000| Untracked 
| 110|0x0000000088000000, 0x0000000088000000, 0x0000000088100000|  0%| F|  |TAMS 0x0000000088000000, 0x0000000088000000| Untracked 
| 111|0x0000000088100000, 0x0000000088100000, 0x0000000088200000|  0%| F|  |TAMS 0x0000000088100000, 0x0000000088100000| Untracked 
| 112|0x0000000088200000, 0x0000000088200000, 0x0000000088300000|  0%| F|  |TAMS 0x0000000088200000, 0x0000000088200000| Untracked 
| 113|0x0000000088300000, 0x0000000088300000, 0x0000000088400000|  0%| F|  |TAMS 0x0000000088300000, 0x0000000088300000| Untracked 
| 114|0x0000000088400000, 0x0000000088400000, 0x0000000088500000|  0%| F|  |TAMS 0x0000000088400000, 0x0000000088400000| Untracked 
| 115|0x0000000088500000, 0x0000000088500000, 0x0000000088600000|  0%| F|  |TAMS 0x0000000088500000, 0x0000000088500000| Untracked 
| 116|0x0000000088600000, 0x0000000088600000, 0x0000000088700000|  0%| F|  |TAMS 0x0000000088600000, 0x0000000088600000| Untracked 
| 117|0x0000000088700000, 0x0000000088700000, 0x0000000088800000|  0%| F|  |TAMS 0x0000000088700000, 0x0000000088700000| Untracked 
| 118|0x0000000088800000, 0x0000000088800000, 0x0000000088900000|  0%| F|  |TAMS 0x0000000088800000, 0x0000000088800000| Untracked 
| 119|0x0000000088900000, 0x0000000088900000, 0x0000000088a00000|  0%| F|  |TAMS 0x0000000088900000, 0x0000000088900000| Untracked 
| 120|0x0000000088a00000, 0x0000000088a00000, 0x0000000088b00000|  0%| F|  |TAMS 0x0000000088a00000, 0x0000000088a00000| Untracked 
| 121|0x0000000088b00000, 0x0000000088b00000, 0x0000000088c00000|  0%| F|  |TAMS 0x0000000088b00000, 0x0000000088b00000| Untracked 
| 122|0x0000000088c00000, 0x0000000088c00000, 0x0000000088d00000|  0%| F|  |TAMS 0x0000000088c00000, 0x0000000088c00000| Untracked 
| 123|0x0000000088d00000, 0x0000000088d00000, 0x0000000088e00000|  0%| F|  |TAMS 0x0000000088d00000, 0x0000000088d00000| Untracked 
| 124|0x0000000088e00000, 0x0000000088e00000, 0x0000000088f00000|  0%| F|  |TAMS 0x0000000088e00000, 0x0000000088e00000| Untracked 
| 125|0x0000000088f00000, 0x0000000088f00000, 0x0000000089000000|  0%| F|  |TAMS 0x0000000088f00000, 0x0000000088f00000| Untracked 
| 126|0x0000000089000000, 0x0000000089000000, 0x0000000089100000|  0%| F|  |TAMS 0x0000000089000000, 0x0000000089000000| Untracked 
| 127|0x0000000089100000, 0x0000000089100000, 0x0000000089200000|  0%| F|  |TAMS 0x0000000089100000, 0x0000000089100000| Untracked 
| 128|0x0000000089200000, 0x0000000089200000, 0x0000000089300000|  0%| F|  |TAMS 0x0000000089200000, 0x0000000089200000| Untracked 
| 129|0x0000000089300000, 0x0000000089300000, 0x0000000089400000|  0%| F|  |TAMS 0x0000000089300000, 0x0000000089300000| Untracked 
| 130|0x0000000089400000, 0x0000000089400000, 0x0000000089500000|  0%| F|  |TAMS 0x0000000089400000, 0x0000000089400000| Untracked 
| 131|0x0000000089500000, 0x0000000089500000, 0x0000000089600000|  0%| F|  |TAMS 0x0000000089500000, 0x0000000089500000| Untracked 
| 132|0x0000000089600000, 0x0000000089600000, 0x0000000089700000|  0%| F|  |TAMS 0x0000000089600000, 0x0000000089600000| Untracked 
| 133|0x0000000089700000, 0x0000000089700000, 0x0000000089800000|  0%| F|  |TAMS 0x0000000089700000, 0x0000000089700000| Untracked 
| 134|0x0000000089800000, 0x0000000089800000, 0x0000000089900000|  0%| F|  |TAMS 0x0000000089800000, 0x0000000089800000| Untracked 
| 135|0x0000000089900000, 0x0000000089900000, 0x0000000089a00000|  0%| F|  |TAMS 0x0000000089900000, 0x0000000089900000| Untracked 
| 136|0x0000000089a00000, 0x0000000089a00000, 0x0000000089b00000|  0%| F|  |TAMS 0x0000000089a00000, 0x0000000089a00000| Untracked 
| 137|0x0000000089b00000, 0x0000000089b00000, 0x0000000089c00000|  0%| F|  |TAMS 0x0000000089b00000, 0x0000000089b00000| Untracked 
| 138|0x0000000089c00000, 0x0000000089c00000, 0x0000000089d00000|  0%| F|  |TAMS 0x0000000089c00000, 0x0000000089c00000| Untracked 
| 139|0x0000000089d00000, 0x0000000089d0d0e0, 0x0000000089e00000|  5%| S|CS|TAMS 0x0000000089d00000, 0x0000000089d00000| Complete 

Card table byte_map: [0x000001f4489f0000,0x000001f448df0000] _byte_map_base: 0x000001f4485e7000

Marking Bits (Prev, Next): (CMBitMap*) 0x000001f42fb6c770, (CMBitMap*) 0x000001f42fb6c7b0
 Prev Bits: [0x000001f4491f0000, 0x000001f44b1a8000)
 Next Bits: [0x000001f44b1b0000, 0x000001f44d168000)

Polling page: 0x000001f42f9c0000

Metaspace:

Usage:
  Non-class:      6.10 MB used.
      Class:    771.42 KB used.
       Both:      6.85 MB used.

Virtual space:
  Non-class space:       64.00 MB reserved,       6.25 MB ( 10%) committed,  1 nodes.
      Class space:        1.00 GB reserved,     896.00 KB ( <1%) committed,  1 nodes.
             Both:        1.06 GB reserved,       7.12 MB ( <1%) committed. 

Chunk freelists:
   Non-Class:  8.98 MB
       Class:  15.11 MB
        Both:  24.10 MB

MaxMetaspaceSize: unlimited
CompressedClassSpaceSize: 1.00 GB
Initial GC threshold: 21.00 MB
Current GC threshold: 21.00 MB
CDS: on
MetaspaceReclaimPolicy: balanced
 - commit_granule_bytes: 65536.
 - commit_granule_words: 8192.
 - virtual_space_node_default_size: 8388608.
 - enlarge_chunks_in_place: 1.
 - new_chunks_are_fully_committed: 0.
 - uncommit_free_chunks: 1.
 - use_allocation_guard: 0.
 - handle_deallocations: 1.


Internal statistics:

num_allocs_failed_limit: 0.
num_arena_births: 114.
num_arena_deaths: 0.
num_vsnodes_births: 2.
num_vsnodes_deaths: 0.
num_space_committed: 114.
num_space_uncommitted: 0.
num_chunks_returned_to_freelist: 0.
num_chunks_taken_from_freelist: 167.
num_chunk_merges: 0.
num_chunk_splits: 92.
num_chunks_enlarged: 26.
num_purges: 0.
num_inconsistent_stats: 0.

CodeHeap 'non-profiled nmethods': size=120000Kb used=279Kb max_used=279Kb free=119720Kb
 bounds [0x000001f440660000, 0x000001f4408d0000, 0x000001f447b90000]
CodeHeap 'profiled nmethods': size=120000Kb used=1190Kb max_used=1190Kb free=118809Kb
 bounds [0x000001f438b90000, 0x000001f438e00000, 0x000001f4400c0000]
CodeHeap 'non-nmethods': size=5760Kb used=1256Kb max_used=1276Kb free=4503Kb
 bounds [0x000001f4400c0000, 0x000001f440330000, 0x000001f440660000]
 total_blobs=1409 nmethods=834 adapters=488
 compilation: enabled
              stopped_count=0, restarted_count=0
 full_count=0

Compilation events (20 events):
Event: 0.732 Thread 0x000001f44fc681f0 nmethod 826 0x000001f438cb6b90 code [0x000001f438cb6d60, 0x000001f438cb7248]
Event: 0.732 Thread 0x000001f44fc681f0  827  s    3       java.util.Stack::pop (19 bytes)
Event: 0.733 Thread 0x000001f44fc47830 nmethod 823 0x000001f4406a4d90 code [0x000001f4406a4f00, 0x000001f4406a50b8]
Event: 0.733 Thread 0x000001f44fc681f0 nmethod 827 0x000001f438cb7410 code [0x000001f438cb7600, 0x000001f438cb7e68]
Event: 0.733 Thread 0x000001f44fc681f0  828  s    3       java.util.Stack::peek (25 bytes)
Event: 0.733 Thread 0x000001f44fc681f0 nmethod 828 0x000001f438cb8110 code [0x000001f438cb82e0, 0x000001f438cb8778]
Event: 0.733 Thread 0x000001f44fc681f0  829  s    3       java.util.Vector::elementAt (48 bytes)
Event: 0.734 Thread 0x000001f44fc681f0 nmethod 829 0x000001f438cb8890 code [0x000001f438cb8ae0, 0x000001f438cb93c8]
Event: 0.734 Thread 0x000001f44fc681f0  830       1       java.util.LinkedList::size (5 bytes)
Event: 0.734 Thread 0x000001f44fc681f0 nmethod 830 0x000001f4406a5190 code [0x000001f4406a5320, 0x000001f4406a53f8]
Event: 0.735 Thread 0x000001f44fc681f0  831       3       java.lang.Float::isNaN (12 bytes)
Event: 0.735 Thread 0x000001f44fc681f0 nmethod 831 0x000001f438cb9710 code [0x000001f438cb98a0, 0x000001f438cb9a18]
Event: 0.750 Thread 0x000001f44fc681f0  832       1       java.awt.image.ComponentSampleModel::getScanlineStride (5 bytes)
Event: 0.750 Thread 0x000001f44fc681f0 nmethod 832 0x000001f4406a5490 code [0x000001f4406a5620, 0x000001f4406a56f8]
Event: 0.750 Thread 0x000001f44fc681f0  833       1       java.awt.image.DataBuffer::getOffset (5 bytes)
Event: 0.750 Thread 0x000001f44fc47830  835       4       java.lang.AbstractStringBuilder::append (45 bytes)
Event: 0.750 Thread 0x000001f44fc681f0 nmethod 833 0x000001f4406a5790 code [0x000001f4406a5920, 0x000001f4406a59f8]
Event: 0.750 Thread 0x000001f44fc681f0  834       1       java.lang.Boolean::booleanValue (5 bytes)
Event: 0.750 Thread 0x000001f44fc681f0 nmethod 834 0x000001f4406a5a90 code [0x000001f4406a5c20, 0x000001f4406a5cf8]
Event: 0.750 Thread 0x000001f44fc681f0  836       3       sun.security.provider.ByteArrayAccess::b2iBig64 (231 bytes)

GC Heap History (11 events):
Event: 0.654 GC heap before
{Heap before GC invocations=0 (full 0):
 garbage-first heap   total 131072K, used 63488K [0x0000000081200000, 0x0000000100000000)
  region size 1024K, 8 young (8192K), 0 survivors (0K)
 Metaspace       used 7005K, committed 7168K, reserved 1114112K
  class space    used 770K, committed 896K, reserved 1048576K
}
Event: 0.656 GC heap after
{Heap after GC invocations=1 (full 0):
 garbage-first heap   total 131072K, used 58329K [0x0000000081200000, 0x0000000100000000)
  region size 1024K, 2 young (2048K), 2 survivors (2048K)
 Metaspace       used 7005K, committed 7168K, reserved 1114112K
  class space    used 770K, committed 896K, reserved 1048576K
}
Event: 0.675 GC heap before
{Heap before GC invocations=1 (full 0):
 garbage-first heap   total 131072K, used 63449K [0x0000000081200000, 0x0000000100000000)
  region size 1024K, 3 young (3072K), 2 survivors (2048K)
 Metaspace       used 7010K, committed 7232K, reserved 1114112K
  class space    used 770K, committed 896K, reserved 1048576K
}
Event: 0.677 GC heap after
{Heap after GC invocations=2 (full 0):
 garbage-first heap   total 131072K, used 63573K [0x0000000081200000, 0x0000000100000000)
  region size 1024K, 1 young (1024K), 1 survivors (1024K)
 Metaspace       used 7010K, committed 7232K, reserved 1114112K
  class space    used 770K, committed 896K, reserved 1048576K
}
Event: 0.695 GC heap before
{Heap before GC invocations=3 (full 0):
 garbage-first heap   total 131072K, used 68693K [0x0000000081200000, 0x0000000100000000)
  region size 1024K, 2 young (2048K), 1 survivors (1024K)
 Metaspace       used 7010K, committed 7232K, reserved 1114112K
  class space    used 770K, committed 896K, reserved 1048576K
}
Event: 0.695 GC heap after
{Heap after GC invocations=4 (full 0):
 garbage-first heap   total 131072K, used 68553K [0x0000000081200000, 0x0000000100000000)
  region size 1024K, 1 young (1024K), 1 survivors (1024K)
 Metaspace       used 7010K, committed 7232K, reserved 1114112K
  class space    used 770K, committed 896K, reserved 1048576K
}
Event: 0.713 GC heap before
{Heap before GC invocations=5 (full 0):
 garbage-first heap   total 131072K, used 73673K [0x0000000081200000, 0x0000000100000000)
  region size 1024K, 2 young (2048K), 1 survivors (1024K)
 Metaspace       used 7013K, committed 7296K, reserved 1114112K
  class space    used 770K, committed 896K, reserved 1048576K
}
Event: 0.714 GC heap after
{Heap after GC invocations=6 (full 0):
 garbage-first heap   total 131072K, used 73628K [0x0000000081200000, 0x0000000100000000)
  region size 1024K, 1 young (1024K), 1 survivors (1024K)
 Metaspace       used 7013K, committed 7296K, reserved 1114112K
  class space    used 770K, committed 896K, reserved 1048576K
}
Event: 0.732 GC heap before
{Heap before GC invocations=7 (full 0):
 garbage-first heap   total 135168K, used 78748K [0x0000000081200000, 0x0000000100000000)
  region size 1024K, 2 young (2048K), 1 survivors (1024K)
 Metaspace       used 7017K, committed 7296K, reserved 1114112K
  class space    used 771K, committed 896K, reserved 1048576K
}
Event: 0.733 GC heap after
{Heap after GC invocations=8 (full 0):
 garbage-first heap   total 135168K, used 78736K [0x0000000081200000, 0x0000000100000000)
  region size 1024K, 1 young (1024K), 1 survivors (1024K)
 Metaspace       used 7017K, committed 7296K, reserved 1114112K
  class space    used 771K, committed 896K, reserved 1048576K
}
Event: 0.751 GC heap before
{Heap before GC invocations=9 (full 0):
 garbage-first heap   total 143360K, used 83856K [0x0000000081200000, 0x0000000100000000)
  region size 1024K, 2 young (2048K), 1 survivors (1024K)
 Metaspace       used 7017K, committed 7296K, reserved 1114112K
  class space    used 771K, committed 896K, reserved 1048576K
}

Deoptimization events (20 events):
Event: 0.472 Thread 0x000001f42fb11960 DEOPT PACKING pc=0x000001f438c98435 sp=0x0000002fffafef90
Event: 0.472 Thread 0x000001f42fb11960 DEOPT UNPACKING pc=0x000001f440112b43 sp=0x0000002fffafe428 mode 0
Event: 0.472 Thread 0x000001f42fb11960 DEOPT PACKING pc=0x000001f438c98435 sp=0x0000002fffafef90
Event: 0.472 Thread 0x000001f42fb11960 DEOPT UNPACKING pc=0x000001f440112b43 sp=0x0000002fffafe428 mode 0
Event: 0.474 Thread 0x000001f42fb11960 DEOPT PACKING pc=0x000001f438c98435 sp=0x0000002fffafef90
Event: 0.474 Thread 0x000001f42fb11960 DEOPT UNPACKING pc=0x000001f440112b43 sp=0x0000002fffafe428 mode 0
Event: 0.474 Thread 0x000001f42fb11960 DEOPT PACKING pc=0x000001f438c98435 sp=0x0000002fffafef90
Event: 0.474 Thread 0x000001f42fb11960 DEOPT UNPACKING pc=0x000001f440112b43 sp=0x0000002fffafe428 mode 0
Event: 0.474 Thread 0x000001f42fb11960 DEOPT PACKING pc=0x000001f438c94ddb sp=0x0000002fffafef40
Event: 0.474 Thread 0x000001f42fb11960 DEOPT UNPACKING pc=0x000001f440112b43 sp=0x0000002fffafe400 mode 0
Event: 0.475 Thread 0x000001f42fb11960 DEOPT PACKING pc=0x000001f438c94ddb sp=0x0000002fffafef40
Event: 0.475 Thread 0x000001f42fb11960 DEOPT UNPACKING pc=0x000001f440112b43 sp=0x0000002fffafe400 mode 0
Event: 0.475 Thread 0x000001f42fb11960 DEOPT PACKING pc=0x000001f438c94ddb sp=0x0000002fffafef40
Event: 0.475 Thread 0x000001f42fb11960 DEOPT UNPACKING pc=0x000001f440112b43 sp=0x0000002fffafe400 mode 0
Event: 0.476 Thread 0x000001f42fb11960 DEOPT PACKING pc=0x000001f438c94ddb sp=0x0000002fffafef40
Event: 0.476 Thread 0x000001f42fb11960 DEOPT UNPACKING pc=0x000001f440112b43 sp=0x0000002fffafe400 mode 0
Event: 0.477 Thread 0x000001f42fb11960 DEOPT PACKING pc=0x000001f438c94ddb sp=0x0000002fffafef40
Event: 0.477 Thread 0x000001f42fb11960 DEOPT UNPACKING pc=0x000001f440112b43 sp=0x0000002fffafe400 mode 0
Event: 0.731 Thread 0x000001f42fb11960 DEOPT PACKING pc=0x000001f438b9fbd1 sp=0x0000002fffafebb0
Event: 0.731 Thread 0x000001f42fb11960 DEOPT UNPACKING pc=0x000001f440112b43 sp=0x0000002fffafe028 mode 0

Classes unloaded (0 events):
No events

Classes redefined (0 events):
No events

Internal exceptions (18 events):
Event: 0.047 Thread 0x000001f42fb11960 Exception <a 'sun/nio/fs/WindowsException'{0x000000008903f010}> (0x000000008903f010) 
thrown [s\open\src\hotspot\share\prims\jni.cpp, line 516]
Event: 0.047 Thread 0x000001f42fb11960 Exception <a 'sun/nio/fs/WindowsException'{0x000000008903f470}> (0x000000008903f470) 
thrown [s\open\src\hotspot\share\prims\jni.cpp, line 516]
Event: 0.048 Thread 0x000001f42fb11960 Exception <a 'sun/nio/fs/WindowsException'{0x0000000089041230}> (0x0000000089041230) 
thrown [s\open\src\hotspot\share\prims\jni.cpp, line 516]
Event: 0.048 Thread 0x000001f42fb11960 Exception <a 'sun/nio/fs/WindowsException'{0x0000000089041b48}> (0x0000000089041b48) 
thrown [s\open\src\hotspot\share\prims\jni.cpp, line 516]
Event: 0.068 Thread 0x000001f42fb11960 Exception <a 'java/lang/ClassNotFoundException'{0x00000000890e7318}: sun/awt/resources/spi/awtProvider> (0x00000000890e7318) 
thrown [s\open\src\hotspot\share\classfile\systemDictionary.cpp, line 256]
Event: 0.082 Thread 0x000001f42fb11960 Exception <a 'java/io/FileNotFoundException'{0x0000000088f39ed8}> (0x0000000088f39ed8) 
thrown [s\open\src\hotspot\share\prims\jni.cpp, line 516]
Event: 0.087 Thread 0x000001f42fb11960 Exception <a 'java/io/FileNotFoundException'{0x0000000088f66e08}> (0x0000000088f66e08) 
thrown [s\open\src\hotspot\share\prims\jni.cpp, line 516]
Event: 0.113 Thread 0x000001f42fb11960 Exception <a 'java/lang/NoSuchMethodError'{0x0000000088fab638}: 'java.lang.Object java.lang.invoke.DirectMethodHandle$Holder.invokeStaticInit(java.lang.Object)'> (0x0000000088fab638) 
thrown [s\open\src\hotspot\share\interpreter\linkResolver.cpp, line 759]
Event: 0.253 Thread 0x000001f42fb11960 Exception <a 'java/lang/NoSuchMethodError'{0x0000000088e09e10}: 'void java.lang.invoke.DirectMethodHandle$Holder.invokeSpecial(java.lang.Object, java.lang.Object, java.lang.Object)'> (0x0000000088e09e10) 
thrown [s\open\src\hotspot\share\interpreter\linkResolver.cpp, line 759]
Event: 0.259 Thread 0x000001f42fb11960 Exception <a 'java/lang/NoSuchMethodError'{0x0000000088e34078}: 'java.lang.Object java.lang.invoke.DirectMethodHandle$Holder.newInvokeSpecial(java.lang.Object, java.lang.Object, java.lang.Object, java.lang.Object, java.lang.Object)'> (0x0000000088e34078) 
thrown [s\open\src\hotspot\share\interpreter\linkResolver.cpp, line 759]
Event: 0.261 Thread 0x000001f42fb11960 Exception <a 'java/lang/NoSuchMethodError'{0x0000000088e3fa40}: 'java.lang.Object java.lang.invoke.DirectMethodHandle$Holder.invokeStatic(java.lang.Object, int, java.lang.Object, java.lang.Object, java.lang.Object, java.lang.Object)'> (0x0000000088e3fa40) 
thrown [s\open\src\hotspot\share\interpreter\linkResolver.cpp, line 759]
Event: 0.265 Thread 0x000001f42fb11960 Exception <a 'java/lang/NoSuchMethodError'{0x0000000088e65200}: 'java.lang.Object java.lang.invoke.DirectMethodHandle$Holder.invokeStatic(java.lang.Object, int, java.lang.Object)'> (0x0000000088e65200) 
thrown [s\open\src\hotspot\share\interpreter\linkResolver.cpp, line 759]
Event: 0.281 Thread 0x000001f42fb11960 Exception <a 'java/lang/ClassNotFoundException'{0x0000000088d1d770}: com/sun/swing/internal/plaf/metal/resources/spi/metalProvider> (0x0000000088d1d770) 
thrown [s\open\src\hotspot\share\classfile\systemDictionary.cpp, line 256]
Event: 0.282 Thread 0x000001f42fb11960 Exception <a 'java/lang/ClassNotFoundException'{0x0000000088d215c8}: com/sun/swing/internal/plaf/basic/resources/spi/basicProvider> (0x0000000088d215c8) 
thrown [s\open\src\hotspot\share\classfile\systemDictionary.cpp, line 256]
Event: 0.295 Thread 0x000001f495364db0 Exception <a 'java/lang/NoSuchMethodError'{0x0000000088ffbac0}: 'void java.lang.invoke.DirectMethodHandle$Holder.invokeVirtual(java.lang.Object, java.lang.Object)'> (0x0000000088ffbac0) 
thrown [s\open\src\hotspot\share\interpreter\linkResolver.cpp, line 759]
Event: 0.306 Thread 0x000001f42fb11960 Exception <a 'java/lang/NoSuchMethodError'{0x0000000088d61070}: 'void java.lang.invoke.DirectMethodHandle$Holder.invokeStaticInit(java.lang.Object)'> (0x0000000088d61070) 
thrown [s\open\src\hotspot\share\interpreter\linkResolver.cpp, line 759]
Event: 0.350 Thread 0x000001f42fb11960 Exception <a 'java/lang/NoSuchMethodError'{0x0000000088ca7198}: 'java.lang.Object java.lang.invoke.DirectMethodHandle$Holder.invokeStaticInit(java.lang.Object, int, int, int, int)'> (0x0000000088ca7198) 
thrown [s\open\src\hotspot\share\interpreter\linkResolver.cpp, line 759]
Event: 0.391 Thread 0x000001f42fb11960 Exception <a 'java/lang/NoSuchMethodError'{0x0000000088b72e68}: 'java.lang.Object java.lang.invoke.DirectMethodHandle$Holder.invokeStaticInit(java.lang.Object, java.lang.Object, int, int, int, int)'> (0x0000000088b72e68) 
thrown [s\open\src\hotspot\share\interpreter\linkResolver.cpp, line 759]

VM Operations (20 events):
Event: 0.680 Executing VM operation: G1Concurrent done
Event: 0.695 Executing VM operation: G1TryInitiateConcMark
Event: 0.695 Executing VM operation: G1TryInitiateConcMark done
Event: 0.698 Executing VM operation: G1Concurrent
Event: 0.699 Executing VM operation: G1Concurrent done
Event: 0.700 Executing VM operation: G1Concurrent
Event: 0.700 Executing VM operation: G1Concurrent done
Event: 0.713 Executing VM operation: G1TryInitiateConcMark
Event: 0.714 Executing VM operation: G1TryInitiateConcMark done
Event: 0.716 Executing VM operation: G1Concurrent
Event: 0.717 Executing VM operation: G1Concurrent done
Event: 0.718 Executing VM operation: G1Concurrent
Event: 0.718 Executing VM operation: G1Concurrent done
Event: 0.732 Executing VM operation: G1TryInitiateConcMark
Event: 0.733 Executing VM operation: G1TryInitiateConcMark done
Event: 0.735 Executing VM operation: G1Concurrent
Event: 0.736 Executing VM operation: G1Concurrent done
Event: 0.737 Executing VM operation: G1Concurrent
Event: 0.737 Executing VM operation: G1Concurrent done
Event: 0.751 Executing VM operation: G1TryInitiateConcMark

Events (20 events):
Event: 0.446 loading class java/awt/image/AreaAveragingScaleFilter
Event: 0.446 loading class java/awt/image/ReplicateScaleFilter
Event: 0.446 loading class java/awt/image/ImageFilter
Event: 0.446 loading class java/awt/image/ImageConsumer
Event: 0.446 loading class java/awt/image/ImageConsumer done
Event: 0.446 loading class java/awt/image/ImageFilter done
Event: 0.446 loading class java/awt/image/ReplicateScaleFilter done
Event: 0.446 loading class java/awt/image/AreaAveragingScaleFilter done
Event: 0.447 loading class java/awt/image/FilteredImageSource
Event: 0.447 loading class java/awt/image/ImageProducer
Event: 0.447 loading class java/awt/image/ImageProducer done
Event: 0.447 loading class java/awt/image/FilteredImageSource done
Event: 0.447 loading class sun/awt/image/OffScreenImageSource
Event: 0.447 loading class sun/awt/image/OffScreenImageSource done
Event: 0.447 loading class sun/awt/image/ToolkitImage
Event: 0.447 loading class sun/awt/image/ToolkitImage done
Event: 0.447 loading class sun/awt/image/InputStreamImageSource
Event: 0.447 loading class sun/awt/image/ImageFetchable
Event: 0.447 loading class sun/awt/image/ImageFetchable done
Event: 0.447 loading class sun/awt/image/InputStreamImageSource done


Dynamic libraries:
0x00007ff72c5b0000 - 0x00007ff72c5c0000 	C:\Program Files\Java\jdk-17\bin\java.exe
0x00007ff874ff0000 - 0x00007ff8751e5000 	C:\Windows\SYSTEM32\ntdll.dll
0x00007ff843a90000 - 0x00007ff843aa9000 	C:\Program Files\AVG\Antivirus\aswhook.dll
0x00007ff8746d0000 - 0x00007ff87478e000 	C:\Windows\System32\KERNEL32.DLL
0x00007ff8729d0000 - 0x00007ff872c98000 	C:\Windows\System32\KERNELBASE.dll
0x00007ff872f40000 - 0x00007ff873040000 	C:\Windows\System32\ucrtbase.dll
0x00007ff86cfc0000 - 0x00007ff86cfdb000 	C:\Program Files\Java\jdk-17\bin\VCRUNTIME140.dll
0x00007ff86dc00000 - 0x00007ff86dc19000 	C:\Program Files\Java\jdk-17\bin\jli.dll
0x00007ff873a70000 - 0x00007ff873b1e000 	C:\Windows\System32\ADVAPI32.dll
0x00007ff873920000 - 0x00007ff8739be000 	C:\Windows\System32\msvcrt.dll
0x00007ff8739c0000 - 0x00007ff873a5c000 	C:\Windows\System32\sechost.dll
0x00007ff873cc0000 - 0x00007ff873de5000 	C:\Windows\System32\RPCRT4.dll
0x00007ff874530000 - 0x00007ff8746d0000 	C:\Windows\System32\USER32.dll
0x00007ff872700000 - 0x00007ff872722000 	C:\Windows\System32\win32u.dll
0x00007ff8736e0000 - 0x00007ff87370b000 	C:\Windows\System32\GDI32.dll
0x00007ff85c6d0000 - 0x00007ff85c96a000 	C:\Windows\WinSxS\amd64_microsoft.windows.common-controls_6595b64144ccf1df_6.0.19041.1110_none_60b5254171f9507e\COMCTL32.dll
0x00007ff872730000 - 0x00007ff87283d000 	C:\Windows\System32\gdi32full.dll
0x00007ff872930000 - 0x00007ff8729cd000 	C:\Windows\System32\msvcp_win.dll
0x00007ff86aa00000 - 0x00007ff86aa0a000 	C:\Windows\SYSTEM32\VERSION.dll
0x00007ff8738f0000 - 0x00007ff873920000 	C:\Windows\System32\IMM32.DLL
0x00007ff86cfb0000 - 0x00007ff86cfbc000 	C:\Program Files\Java\jdk-17\bin\vcruntime140_1.dll
0x00007ff840b60000 - 0x00007ff840bee000 	C:\Program Files\Java\jdk-17\bin\msvcp140.dll
0x00007ff80a660000 - 0x00007ff80b23e000 	C:\Program Files\Java\jdk-17\bin\server\jvm.dll
0x00007ff873a60000 - 0x00007ff873a68000 	C:\Windows\System32\PSAPI.DLL
0x00007ff8681c0000 - 0x00007ff8681e7000 	C:\Windows\SYSTEM32\WINMM.dll
0x00007ff85e1a0000 - 0x00007ff85e1a9000 	C:\Windows\SYSTEM32\WSOCK32.dll
0x00007ff873710000 - 0x00007ff87377b000 	C:\Windows\System32\WS2_32.dll
0x00007ff8705f0000 - 0x00007ff870602000 	C:\Windows\SYSTEM32\kernel.appcore.dll
0x00007ff86cfa0000 - 0x00007ff86cfaa000 	C:\Program Files\Java\jdk-17\bin\jimage.dll
0x00007ff86fec0000 - 0x00007ff8700a4000 	C:\Windows\SYSTEM32\DBGHELP.DLL
0x00007ff868320000 - 0x00007ff86834c000 	C:\Windows\SYSTEM32\dbgcore.DLL
0x00007ff872e00000 - 0x00007ff872e82000 	C:\Windows\System32\bcryptPrimitives.dll
0x00007ff8654c0000 - 0x00007ff8654e5000 	C:\Program Files\Java\jdk-17\bin\java.dll
0x00007ff864770000 - 0x00007ff864847000 	C:\Program Files\Java\jdk-17\bin\jsvml.dll
0x00007ff874790000 - 0x00007ff874ed4000 	C:\Windows\System32\SHELL32.dll
0x00007ff8707f0000 - 0x00007ff870f84000 	C:\Windows\SYSTEM32\windows.storage.dll
0x00007ff8741c0000 - 0x00007ff874515000 	C:\Windows\System32\combase.dll
0x00007ff872150000 - 0x00007ff87217e000 	C:\Windows\SYSTEM32\Wldp.dll
0x00007ff873780000 - 0x00007ff87382d000 	C:\Windows\System32\SHCORE.dll
0x00007ff873c40000 - 0x00007ff873c95000 	C:\Windows\System32\shlwapi.dll
0x00007ff872640000 - 0x00007ff87265f000 	C:\Windows\SYSTEM32\profapi.dll
0x00007ff86ad40000 - 0x00007ff86ad59000 	C:\Program Files\Java\jdk-17\bin\net.dll
0x00007ff86b450000 - 0x00007ff86b55c000 	C:\Windows\SYSTEM32\WINHTTP.dll
0x00007ff871eb0000 - 0x00007ff871f1a000 	C:\Windows\system32\mswsock.dll
0x00007ff864750000 - 0x00007ff864766000 	C:\Program Files\Java\jdk-17\bin\nio.dll
0x00007ff80a4c0000 - 0x00007ff80a651000 	C:\Program Files\Java\jdk-17\bin\awt.dll
0x00007ff874ee0000 - 0x00007ff874fad000 	C:\Windows\System32\OLEAUT32.dll
0x00007ff86f8d0000 - 0x00007ff86f960000 	C:\Windows\SYSTEM32\apphelp.dll
0x00007ff870300000 - 0x00007ff87032f000 	C:\Windows\system32\DWMAPI.DLL
0x00007ff86fcd0000 - 0x00007ff86fd6e000 	C:\Windows\system32\uxtheme.dll
0x00007ff80a390000 - 0x00007ff80a4b5000 	C:\Windows\system32\opengl32.dll
0x00007ff864700000 - 0x00007ff86472c000 	C:\Windows\SYSTEM32\GLU32.dll
0x00007ff873b20000 - 0x00007ff873c36000 	C:\Windows\System32\MSCTF.dll
0x00007ff874080000 - 0x00007ff8741aa000 	C:\Windows\System32\ole32.dll
0x00007ff86b850000 - 0x00007ff86ba20000 	C:\Windows\system32\d3d9.dll
0x00007ff868070000 - 0x00007ff868172000 	C:\Windows\System32\DriverStore\FileRepository\nvlt.inf_amd64_04baa46c48be5bb8\nvldumdx.dll
0x00007ff8722e0000 - 0x00007ff8722f2000 	C:\Windows\SYSTEM32\msasn1.dll
0x00007ff86a590000 - 0x00007ff86a5c1000 	C:\Windows\SYSTEM32\cryptnet.dll
0x00007ff872ca0000 - 0x00007ff872df6000 	C:\Windows\System32\CRYPT32.dll
0x00007ff8720a0000 - 0x00007ff8720ac000 	C:\Windows\SYSTEM32\cryptbase.dll
0x00007ff8728c0000 - 0x00007ff872929000 	C:\Windows\System32\WINTRUST.DLL
0x00007ff873ca0000 - 0x00007ff873cbd000 	C:\Windows\System32\imagehlp.dll
0x00007ff8720b0000 - 0x00007ff8720c8000 	C:\Windows\SYSTEM32\CRYPTSP.dll
0x00007ff8717c0000 - 0x00007ff8717f4000 	C:\Windows\system32\rsaenh.dll
0x00007ff872840000 - 0x00007ff872867000 	C:\Windows\System32\bcrypt.dll
0x00007ff8270a0000 - 0x00007ff828abc000 	C:\Windows\System32\DriverStore\FileRepository\nvlt.inf_amd64_04baa46c48be5bb8\nvd3dumx.dll
0x00007ff870fa0000 - 0x00007ff870fc3000 	C:\Windows\SYSTEM32\gpapi.dll
0x00007ff868290000 - 0x00007ff8682cb000 	C:\Windows\SYSTEM32\dxcore.dll
0x00007ff872870000 - 0x00007ff8728be000 	C:\Windows\System32\cfgmgr32.dll
0x00007ff80a300000 - 0x00007ff80a386000 	C:\Program Files\Java\jdk-17\bin\freetype.dll
0x00007ff80a220000 - 0x00007ff80a2f3000 	C:\Program Files\Java\jdk-17\bin\fontmanager.dll
0x00007ff872600000 - 0x00007ff87262e000 	C:\Windows\SYSTEM32\USERENV.dll
0x00007ff871b50000 - 0x00007ff871b8b000 	C:\Windows\SYSTEM32\IPHLPAPI.DLL
0x00007ff8741b0000 - 0x00007ff8741b8000 	C:\Windows\System32\NSI.dll
0x00007ff86b560000 - 0x00007ff86b577000 	C:\Windows\SYSTEM32\dhcpcsvc6.DLL
0x00007ff86a830000 - 0x00007ff86a84d000 	C:\Windows\SYSTEM32\dhcpcsvc.DLL
0x00007ff871ba0000 - 0x00007ff871c6b000 	C:\Windows\SYSTEM32\DNSAPI.dll
0x00007ff864730000 - 0x00007ff864748000 	C:\Program Files\Java\jdk-17\bin\zip.dll

dbghelp: loaded successfully - version: 4.0.5 - missing functions: none
symbol engine: initialized successfully - sym options: 0x614 - pdb path: .;C:\Program Files\Java\jdk-17\bin;C:\Windows\SYSTEM32;C:\Program Files\AVG\Antivirus;C:\Windows\WinSxS\amd64_microsoft.windows.common-controls_6595b64144ccf1df_6.0.19041.1110_none_60b5254171f9507e;C:\Program Files\Java\jdk-17\bin\server;C:\Windows\System32\DriverStore\FileRepository\nvlt.inf_amd64_04baa46c48be5bb8

VM Arguments:
jvm_args: -Dfile.encoding=UTF-8 --module-path=D:\prog2\ChessCore\build\classes 
java_command: chesscore.ChessCore
java_class_path (initial): D:\prog2\ChessCore\build\classes
Launcher Type: SUN_STANDARD

[Global flags]
     intx CICompilerCount                          = 4                                         {product} {ergonomic}
     uint ConcGCThreads                            = 2                                         {product} {ergonomic}
     uint G1ConcRefinementThreads                  = 8                                         {product} {ergonomic}
   size_t G1HeapRegionSize                         = 1048576                                   {product} {ergonomic}
    uintx GCDrainStackTargetSize                   = 64                                        {product} {ergonomic}
   size_t InitialHeapSize                          = 134217728                                 {product} {ergonomic}
   size_t MarkStackSize                            = 4194304                                   {product} {ergonomic}
   size_t MaxHeapSize                              = 2128609280                                {product} {ergonomic}
   size_t MaxNewSize                               = 1277165568                                {product} {ergonomic}
   size_t MinHeapDeltaBytes                        = 1048576                                   {product} {ergonomic}
   size_t MinHeapSize                              = 8388608                                   {product} {ergonomic}
    uintx NonNMethodCodeHeapSize                   = 5839372                                {pd product} {ergonomic}
    uintx NonProfiledCodeHeapSize                  = 122909434                              {pd product} {ergonomic}
    uintx ProfiledCodeHeapSize                     = 122909434                              {pd product} {ergonomic}
    uintx ReservedCodeCacheSize                    = 251658240                              {pd product} {ergonomic}
     bool SegmentedCodeCache                       = true                                      {product} {ergonomic}
   size_t SoftMaxHeapSize                          = 2128609280                             {manageable} {ergonomic}
     bool UseCompressedClassPointers               = true                           {product lp64_product} {ergonomic}
     bool UseCompressedOops                        = true                           {product lp64_product} {ergonomic}
     bool UseG1GC                                  = true                                      {product} {ergonomic}
     bool UseLargePagesIndividualAllocation        = false                                  {pd product} {ergonomic}

Logging:
Log output configuration:
 #0: stdout all=warning uptime,level,tags
 #1: stderr all=off uptime,level,tags

Environment Variables:
PATH=C:\Program Files\Common Files\Oracle\Java\javapath;C:\Program Files (x86)\Common Files\Oracle\Java\javapath;C:\Windows\system32;C:\Windows;C:\Windows\System32\Wbem;C:\Windows\System32\WindowsPowerShell\v1.0\;C:\Windows\System32\OpenSSH\;C:\Program Files\dotnet\;C:\src\flutter\flutter\bin;C:\Users\Lenovo\AppData\Local\Microsoft\WindowsApps;C:\Users\Lenovo\AppData\Local\Programs\Microsoft VS Code\bin;C:\Users\Lenovo\Downloads\dart-sdk\bin;C:\src\flutter\flutter\bin;C:\Users\Lenovo\Downloads\dart-sdk\bin;C:\src\flutter\bin;
USERNAME=Lenovo
OS=Windows_NT
PROCESSOR_IDENTIFIER=Intel64 Family 6 Model 158 Stepping 13, GenuineIntel



---------------  S Y S T E M  ---------------

OS:
 Windows 10 , 64 bit Build 19041 (10.0.19041.1503)
OS uptime: 2 days 3:12 hours

CPU: total 8 (initial active 8) (4 cores per cpu, 2 threads per core) family 6 model 158 stepping 13 microcode 0xc6, cx8, cmov, fxsr, ht, mmx, 3dnowpref, sse, sse2, sse3, ssse3, sse4.1, sse4.2, popcnt, lzcnt, tsc, tscinvbit, avx, avx2, aes, erms, clmul, bmi1, bmi2, adx, fma, vzeroupper, clflush, clflushopt

Memory: 4k page, system-wide physical 8112M (1180M free)
TotalPageFile size 10160M (AvailPageFile size 84M)
current process WorkingSet (physical memory assigned to process): 145M, peak: 145M
current process commit charge ("private bytes"): 246M, peak: 349M

vm_info: Java HotSpot(TM) 64-Bit Server VM (17.0.8+9-LTS-211) for windows-amd64 JRE (17.0.8+9-LTS-211), built on Jun 14 2023 10:34:31 by "mach5one" with MS VC++ 17.1 (VS2022)

END.
